2025-05-15 23:26:06,807 INFO o.s.b.StartupInfoLogger [restartedMain] Starting BookMyShowApplication using Java 21.0.6 with PID 19116 (D:\WEBD\bookMyShow\target\classes started by prana in D:\WEBD\bookMyShow)
2025-05-15 23:26:06,818 DEBUG o.s.b.StartupInfoLogger [restartedMain] Running with Spring Boot v3.4.3, Spring v6.2.3
2025-05-15 23:26:06,818 INFO o.s.b.SpringApplication [restartedMain] The following 1 profile is active: "ethereum"
2025-05-15 23:26:07,326 INFO o.s.d.r.c.RepositoryConfigurationDelegate [restartedMain] Multiple Spring Data modules found, entering strict repository configuration mode
2025-05-15 23:26:07,327 INFO o.s.d.r.c.RepositoryConfigurationDelegate [restartedMain] Bootstrapping Spring Data JPA repositories in DEFAULT mode.
2025-05-15 23:26:07,423 INFO o.s.d.r.c.RepositoryConfigurationDelegate [restartedMain] Finished Spring Data repository scanning in 91 ms. Found 10 JPA repository interfaces.
2025-05-15 23:26:07,471 INFO o.s.d.r.c.RepositoryConfigurationDelegate [restartedMain] Multiple Spring Data modules found, entering strict repository configuration mode
2025-05-15 23:26:07,472 INFO o.s.d.r.c.RepositoryConfigurationDelegate [restartedMain] Bootstrapping Spring Data Redis repositories in DEFAULT mode.
2025-05-15 23:26:07,482 INFO o.s.d.r.c.RepositoryConfigurationExtensionSupport [restartedMain] Spring Data Redis - Could not safely identify store assignment for repository candidate interface com.movie.bookMyShow.repo.AdminRepo; If you want this repository to be a Redis repository, consider annotating your entities with one of these annotations: org.springframework.data.redis.core.RedisHash (preferred), or consider extending one of the following types with your repository: org.springframework.data.keyvalue.repository.KeyValueRepository
2025-05-15 23:26:07,484 INFO o.s.d.r.c.RepositoryConfigurationExtensionSupport [restartedMain] Spring Data Redis - Could not safely identify store assignment for repository candidate interface com.movie.bookMyShow.repo.BookingRepo; If you want this repository to be a Redis repository, consider annotating your entities with one of these annotations: org.springframework.data.redis.core.RedisHash (preferred), or consider extending one of the following types with your repository: org.springframework.data.keyvalue.repository.KeyValueRepository
2025-05-15 23:26:07,484 INFO o.s.d.r.c.RepositoryConfigurationExtensionSupport [restartedMain] Spring Data Redis - Could not safely identify store assignment for repository candidate interface com.movie.bookMyShow.repo.CityRepo; If you want this repository to be a Redis repository, consider annotating your entities with one of these annotations: org.springframework.data.redis.core.RedisHash (preferred), or consider extending one of the following types with your repository: org.springframework.data.keyvalue.repository.KeyValueRepository
2025-05-15 23:26:07,484 INFO o.s.d.r.c.RepositoryConfigurationExtensionSupport [restartedMain] Spring Data Redis - Could not safely identify store assignment for repository candidate interface com.movie.bookMyShow.repo.MovieRepo; If you want this repository to be a Redis repository, consider annotating your entities with one of these annotations: org.springframework.data.redis.core.RedisHash (preferred), or consider extending one of the following types with your repository: org.springframework.data.keyvalue.repository.KeyValueRepository
2025-05-15 23:26:07,484 INFO o.s.d.r.c.RepositoryConfigurationExtensionSupport [restartedMain] Spring Data Redis - Could not safely identify store assignment for repository candidate interface com.movie.bookMyShow.repo.PaymentRecordRepo; If you want this repository to be a Redis repository, consider annotating your entities with one of these annotations: org.springframework.data.redis.core.RedisHash (preferred), or consider extending one of the following types with your repository: org.springframework.data.keyvalue.repository.KeyValueRepository
2025-05-15 23:26:07,486 INFO o.s.d.r.c.RepositoryConfigurationExtensionSupport [restartedMain] Spring Data Redis - Could not safely identify store assignment for repository candidate interface com.movie.bookMyShow.repo.ScreenRepo; If you want this repository to be a Redis repository, consider annotating your entities with one of these annotations: org.springframework.data.redis.core.RedisHash (preferred), or consider extending one of the following types with your repository: org.springframework.data.keyvalue.repository.KeyValueRepository
2025-05-15 23:26:07,486 INFO o.s.d.r.c.RepositoryConfigurationExtensionSupport [restartedMain] Spring Data Redis - Could not safely identify store assignment for repository candidate interface com.movie.bookMyShow.repo.SeatRepo; If you want this repository to be a Redis repository, consider annotating your entities with one of these annotations: org.springframework.data.redis.core.RedisHash (preferred), or consider extending one of the following types with your repository: org.springframework.data.keyvalue.repository.KeyValueRepository
2025-05-15 23:26:07,486 INFO o.s.d.r.c.RepositoryConfigurationExtensionSupport [restartedMain] Spring Data Redis - Could not safely identify store assignment for repository candidate interface com.movie.bookMyShow.repo.ShowRepo; If you want this repository to be a Redis repository, consider annotating your entities with one of these annotations: org.springframework.data.redis.core.RedisHash (preferred), or consider extending one of the following types with your repository: org.springframework.data.keyvalue.repository.KeyValueRepository
2025-05-15 23:26:07,489 INFO o.s.d.r.c.RepositoryConfigurationExtensionSupport [restartedMain] Spring Data Redis - Could not safely identify store assignment for repository candidate interface com.movie.bookMyShow.repo.ShowSeatRepo; If you want this repository to be a Redis repository, consider annotating your entities with one of these annotations: org.springframework.data.redis.core.RedisHash (preferred), or consider extending one of the following types with your repository: org.springframework.data.keyvalue.repository.KeyValueRepository
2025-05-15 23:26:07,489 INFO o.s.d.r.c.RepositoryConfigurationExtensionSupport [restartedMain] Spring Data Redis - Could not safely identify store assignment for repository candidate interface com.movie.bookMyShow.repo.TheatreRepo; If you want this repository to be a Redis repository, consider annotating your entities with one of these annotations: org.springframework.data.redis.core.RedisHash (preferred), or consider extending one of the following types with your repository: org.springframework.data.keyvalue.repository.KeyValueRepository
2025-05-15 23:26:07,489 INFO o.s.d.r.c.RepositoryConfigurationDelegate [restartedMain] Finished Spring Data repository scanning in 13 ms. Found 0 Redis repository interfaces.
2025-05-15 23:26:07,828 INFO o.s.b.w.e.t.TomcatWebServer [restartedMain] Tomcat initialized with port 8080 (http)
2025-05-15 23:26:07,830 INFO o.a.j.l.DirectJDKLog [restartedMain] Starting service [Tomcat]
2025-05-15 23:26:07,831 INFO o.a.j.l.DirectJDKLog [restartedMain] Starting Servlet engine: [Apache Tomcat/10.1.36]
2025-05-15 23:26:07,876 INFO o.a.j.l.DirectJDKLog [restartedMain] Initializing Spring embedded WebApplicationContext
2025-05-15 23:26:07,876 INFO o.s.b.w.s.c.ServletWebServerApplicationContext [restartedMain] Root WebApplicationContext: initialization completed in 1058 ms
2025-05-15 23:26:07,891 DEBUG o.s.w.f.GenericFilterBean [restartedMain] Filter 'cityJwtFilter' configured for use
2025-05-15 23:26:07,892 DEBUG o.s.w.f.GenericFilterBean [restartedMain] Filter 'adminJwtFilter' configured for use
2025-05-15 23:26:07,943 INFO o.h.j.i.u.LogHelper [restartedMain] HHH000204: Processing PersistenceUnitInfo [name: default]
2025-05-15 23:26:07,950 INFO o.h.c.i.RegionFactoryInitiator [restartedMain] HHH000026: Second-level cache disabled
2025-05-15 23:26:07,961 INFO o.s.o.j.p.SpringPersistenceUnitInfo [restartedMain] No LoadTimeWeaver setup: ignoring JPA class transformer
2025-05-15 23:26:07,964 INFO c.z.h.HikariDataSource [restartedMain] HikariPool-5 - Starting...
2025-05-15 23:26:08,021 INFO c.z.h.p.HikariPool [restartedMain] HikariPool-5 - Added connection org.postgresql.jdbc.PgConnection@1822eeb9
2025-05-15 23:26:08,021 INFO c.z.h.HikariDataSource [restartedMain] HikariPool-5 - Start completed.
2025-05-15 23:26:08,029 WARN o.h.e.j.d.i.DialectFactoryImpl [restartedMain] HHH90000025: PostgreSQLDialect does not need to be specified explicitly using 'hibernate.dialect' (remove the property setting and it will be selected by default)
2025-05-15 23:26:08,031 INFO o.h.e.j.e.i.JdbcEnvironmentInitiator [restartedMain] HHH10001005: Database info:
	Database JDBC URL [Connecting through datasource 'HikariDataSource (HikariPool-5)']
	Database driver: undefined/unknown
	Database version: 17.2
	Autocommit mode: undefined/unknown
	Isolation level: undefined/unknown
	Minimum pool size: undefined/unknown
	Maximum pool size: undefined/unknown
2025-05-15 23:26:08,398 INFO o.h.e.t.j.p.i.JtaPlatformInitiator [restartedMain] HHH000489: No JTA platform available (set 'hibernate.transaction.jta.platform' to enable JTA platform integration)
2025-05-15 23:26:09,426 INFO o.s.o.j.AbstractEntityManagerFactoryBean [restartedMain] Initialized JPA EntityManagerFactory for persistence unit 'default'
2025-05-15 23:26:09,788 WARN o.s.b.a.o.j.JpaBaseConfiguration$JpaWebConfiguration [restartedMain] spring.jpa.open-in-view is enabled by default. Therefore, database queries may be performed during view rendering. Explicitly configure spring.jpa.open-in-view to disable this warning
2025-05-15 23:26:09,797 WARN o.s.b.a.s.s.UserDetailsServiceAutoConfiguration [restartedMain] 

Using generated security password: b84d6e26-9d10-4e8d-896a-2fd7e5ce6c03

This generated password is for development use only. Your security configuration must be updated before running your application in production.

2025-05-15 23:26:09,798 INFO o.s.s.c.a.a.c.InitializeUserDetailsBeanManagerConfigurer$InitializeUserDetailsManagerConfigurer [restartedMain] Global AuthenticationManager configured with UserDetailsService bean with name inMemoryUserDetailsManager
2025-05-15 23:26:09,941 INFO o.s.b.d.a.OptionalLiveReloadServer [restartedMain] LiveReload server is running on port 35729
2025-05-15 23:26:09,949 INFO o.a.k.c.c.AbstractConfig [restartedMain] AdminClientConfig values: 
	auto.include.jmx.reporter = true
	bootstrap.controllers = []
	bootstrap.servers = [localhost:29092]
	client.dns.lookup = use_all_dns_ips
	client.id = bookMyShow-admin-4
	connections.max.idle.ms = 300000
	default.api.timeout.ms = 60000
	enable.metrics.push = true
	metadata.max.age.ms = 300000
	metadata.recovery.strategy = none
	metric.reporters = []
	metrics.num.samples = 2
	metrics.recording.level = INFO
	metrics.sample.window.ms = 30000
	receive.buffer.bytes = 65536
	reconnect.backoff.max.ms = 1000
	reconnect.backoff.ms = 50
	request.timeout.ms = 30000
	retries = 2147483647
	retry.backoff.max.ms = 1000
	retry.backoff.ms = 100
	sasl.client.callback.handler.class = null
	sasl.jaas.config = null
	sasl.kerberos.kinit.cmd = /usr/bin/kinit
	sasl.kerberos.min.time.before.relogin = 60000
	sasl.kerberos.service.name = null
	sasl.kerberos.ticket.renew.jitter = 0.05
	sasl.kerberos.ticket.renew.window.factor = 0.8
	sasl.login.callback.handler.class = null
	sasl.login.class = null
	sasl.login.connect.timeout.ms = null
	sasl.login.read.timeout.ms = null
	sasl.login.refresh.buffer.seconds = 300
	sasl.login.refresh.min.period.seconds = 60
	sasl.login.refresh.window.factor = 0.8
	sasl.login.refresh.window.jitter = 0.05
	sasl.login.retry.backoff.max.ms = 10000
	sasl.login.retry.backoff.ms = 100
	sasl.mechanism = GSSAPI
	sasl.oauthbearer.clock.skew.seconds = 30
	sasl.oauthbearer.expected.audience = null
	sasl.oauthbearer.expected.issuer = null
	sasl.oauthbearer.jwks.endpoint.refresh.ms = 3600000
	sasl.oauthbearer.jwks.endpoint.retry.backoff.max.ms = 10000
	sasl.oauthbearer.jwks.endpoint.retry.backoff.ms = 100
	sasl.oauthbearer.jwks.endpoint.url = null
	sasl.oauthbearer.scope.claim.name = scope
	sasl.oauthbearer.sub.claim.name = sub
	sasl.oauthbearer.token.endpoint.url = null
	security.protocol = PLAINTEXT
	security.providers = null
	send.buffer.bytes = 131072
	socket.connection.setup.timeout.max.ms = 30000
	socket.connection.setup.timeout.ms = 10000
	ssl.cipher.suites = null
	ssl.enabled.protocols = [TLSv1.2, TLSv1.3]
	ssl.endpoint.identification.algorithm = https
	ssl.engine.factory.class = null
	ssl.key.password = null
	ssl.keymanager.algorithm = SunX509
	ssl.keystore.certificate.chain = null
	ssl.keystore.key = null
	ssl.keystore.location = null
	ssl.keystore.password = null
	ssl.keystore.type = JKS
	ssl.protocol = TLSv1.3
	ssl.provider = null
	ssl.secure.random.implementation = null
	ssl.trustmanager.algorithm = PKIX
	ssl.truststore.certificates = null
	ssl.truststore.location = null
	ssl.truststore.password = null
	ssl.truststore.type = JKS

2025-05-15 23:26:09,970 INFO o.a.k.c.u.AppInfoParser$AppInfo [restartedMain] Kafka version: 3.8.1
2025-05-15 23:26:09,970 INFO o.a.k.c.u.AppInfoParser$AppInfo [restartedMain] Kafka commitId: 70d6ff42debf7e17
2025-05-15 23:26:09,970 INFO o.a.k.c.u.AppInfoParser$AppInfo [restartedMain] Kafka startTimeMs: 1747331769970
2025-05-15 23:26:09,998 WARN o.a.k.c.a.KafkaAdminClient$6 [kafka-admin-client-thread | bookMyShow-admin-4] [AdminClient clientId=bookMyShow-admin-4] The DescribeTopicPartitions API is not supported, using Metadata API to describe topics.
2025-05-15 23:26:10,003 INFO o.a.k.c.u.AppInfoParser [kafka-admin-client-thread | bookMyShow-admin-4] App info kafka.admin.client for bookMyShow-admin-4 unregistered
2025-05-15 23:26:10,006 INFO o.a.k.c.m.Metrics [kafka-admin-client-thread | bookMyShow-admin-4] Metrics scheduler closed
2025-05-15 23:26:10,007 INFO o.a.k.c.m.Metrics [kafka-admin-client-thread | bookMyShow-admin-4] Closing reporter org.apache.kafka.common.metrics.JmxReporter
2025-05-15 23:26:10,008 INFO o.a.k.c.m.Metrics [kafka-admin-client-thread | bookMyShow-admin-4] Metrics reporters closed
2025-05-15 23:26:10,018 INFO o.s.b.w.e.t.TomcatWebServer [restartedMain] Tomcat started on port 8080 (http) with context path '/'
2025-05-15 23:26:10,022 INFO o.s.b.StartupInfoLogger [restartedMain] Started BookMyShowApplication in 3.423 seconds (process running for 217.459)
2025-05-15 23:26:10,022 INFO o.s.b.d.a.ConditionEvaluationDeltaLoggingListener [restartedMain] Condition evaluation unchanged
2025-05-15 23:26:17,572 INFO o.s.b.d.a.LocalDevToolsAutoConfiguration$RestartingClassPathChangeChangedEventListener [File Watcher] Restarting due to 1 class path change (0 additions, 1 deletion, 0 modifications)
2025-05-15 23:26:17,586 INFO o.s.b.w.e.t.GracefulShutdown [Thread-24] Commencing graceful shutdown. Waiting for active requests to complete
2025-05-15 23:26:17,615 INFO o.s.b.w.e.t.GracefulShutdown [tomcat-shutdown] Graceful shutdown complete
2025-05-15 23:26:17,620 INFO o.s.o.j.AbstractEntityManagerFactoryBean [Thread-24] Closing JPA EntityManagerFactory for persistence unit 'default'
2025-05-15 23:26:17,622 INFO c.z.h.HikariDataSource [Thread-24] HikariPool-5 - Shutdown initiated...
2025-05-15 23:26:17,626 INFO c.z.h.HikariDataSource [Thread-24] HikariPool-5 - Shutdown completed.
